<?xml version="1.0" encoding="UTF-8" standalone="yes"?>
<ns2:test-suite start="0" stop="1644868724802" version="1.4.15" xmlns:ns2="urn:model.allure.qatools.yandex.ru">
    <test-cases>
        <test-case start="1644868721647" stop="1644868721647" status="passed">
            <name>Given I open application in local Edge Browser</name>
            <title>Given I open application in local Edge Browser</title>
            <steps/>
            <attachments/>
            <labels>
                <label name="host" value="Arian-Gorani"/>
                <label name="thread" value="8000@Arian-Gorani.main(1)"/>
            </labels>
        </test-case>
        <test-case start="1644868722826" stop="1644868722826" status="passed">
            <name>When I click on Bank Manager Login</name>
            <title>When I click on Bank Manager Login</title>
            <steps/>
            <attachments/>
            <labels>
                <label name="host" value="Arian-Gorani"/>
                <label name="thread" value="8000@Arian-Gorani.main(1)"/>
            </labels>
        </test-case>
        <test-case start="1644868723924" stop="1644868723924" status="passed">
            <name>And I click on Add Customer</name>
            <title>And I click on Add Customer</title>
            <steps/>
            <attachments/>
            <labels>
                <label name="host" value="Arian-Gorani"/>
                <label name="thread" value="8000@Arian-Gorani.main(1)"/>
            </labels>
        </test-case>
        <test-case start="1644868723944" stop="1644868723945" status="broken">
            <name>* I type 'Johnny' in first name field</name>
            <title>* I type 'Johnny' in first name field</title>
            <failure>
                <message>NoSuchElementException: no such element: Unable to locate element: {"method":"xpath","selector":"//input[@placeholder='First Name']"}
  (Session info: MicrosoftEdge=98.0.1108.50)
For documentation on this error, please visit: https://www.seleniumhq.org/exceptions/no_such_element.html
Build info: version: '3.141.59', revision: 'e82be7d358', time: '2018-11-14T08:17:03'
System info: host: 'ARIAN-GORANI', ip: '192.168.1.9', os.name: 'Windows 10', os.arch: 'amd64', os.version: '10.0', java.version: '1.8.0_321'
Driver info: org.openqa.selenium.edge.EdgeDriver
Capabilities {acceptInsecureCerts: false, browserName: msedge, browserVersion: 98.0.1108.50, javascriptEnabled: true, ms:edgeOptions: {debuggerAddress: localhost:12153}, msedge: {msedgedriverVersion: 98.0.1108.50 (4203d3deac4b8..., userDataDir: C:\Users\arian\AppData\Loca...}, networkConnectionEnabled: false, pageLoadStrategy: normal, platform: WINDOWS, platformName: WINDOWS, proxy: Proxy(), setWindowRect: true, strictFileInteractability: false, timeouts: {implicit: 0, pageLoad: 300000, script: 30000}, unhandledPromptBehavior: dismiss and notify, webauthn:extension:credBlob: true, webauthn:extension:largeBlob: true, webauthn:virtualAuthenticators: true}
Session ID: 4417e504c5df742724a2a2174e2047eb
*** Element info: {Using=xpath, value=//input[@placeholder='First Name']}</message>
                <stack-trace>org.openqa.selenium.NoSuchElementException: no such element: Unable to locate element: {"method":"xpath","selector":"//input[@placeholder='First Name']"}
  (Session info: MicrosoftEdge=98.0.1108.50)
For documentation on this error, please visit: https://www.seleniumhq.org/exceptions/no_such_element.html
Build info: version: '3.141.59', revision: 'e82be7d358', time: '2018-11-14T08:17:03'
System info: host: 'ARIAN-GORANI', ip: '192.168.1.9', os.name: 'Windows 10', os.arch: 'amd64', os.version: '10.0', java.version: '1.8.0_321'
Driver info: org.openqa.selenium.edge.EdgeDriver
Capabilities {acceptInsecureCerts: false, browserName: msedge, browserVersion: 98.0.1108.50, javascriptEnabled: true, ms:edgeOptions: {debuggerAddress: localhost:12153}, msedge: {msedgedriverVersion: 98.0.1108.50 (4203d3deac4b8..., userDataDir: C:\Users\arian\AppData\Loca...}, networkConnectionEnabled: false, pageLoadStrategy: normal, platform: WINDOWS, platformName: WINDOWS, proxy: Proxy(), setWindowRect: true, strictFileInteractability: false, timeouts: {implicit: 0, pageLoad: 300000, script: 30000}, unhandledPromptBehavior: dismiss and notify, webauthn:extension:credBlob: true, webauthn:extension:largeBlob: true, webauthn:virtualAuthenticators: true}
Session ID: 4417e504c5df742724a2a2174e2047eb
*** Element info: {Using=xpath, value=//input[@placeholder='First Name']}
	at sun.reflect.GeneratedConstructorAccessor30.newInstance(Unknown Source)
	at sun.reflect.DelegatingConstructorAccessorImpl.newInstance(DelegatingConstructorAccessorImpl.java:45)
	at java.lang.reflect.Constructor.newInstance(Constructor.java:423)
	at org.openqa.selenium.remote.http.W3CHttpResponseCodec.createException(W3CHttpResponseCodec.java:187)
	at org.openqa.selenium.remote.http.W3CHttpResponseCodec.decode(W3CHttpResponseCodec.java:122)
	at org.openqa.selenium.remote.http.W3CHttpResponseCodec.decode(W3CHttpResponseCodec.java:49)
	at org.openqa.selenium.remote.HttpCommandExecutor.execute(HttpCommandExecutor.java:158)
	at org.openqa.selenium.remote.service.DriverCommandExecutor.execute(DriverCommandExecutor.java:83)
	at org.openqa.selenium.remote.RemoteWebDriver.execute(RemoteWebDriver.java:552)
	at org.openqa.selenium.remote.RemoteWebDriver.findElement(RemoteWebDriver.java:323)
	at org.openqa.selenium.remote.RemoteWebDriver.findElementByXPath(RemoteWebDriver.java:428)
	at org.openqa.selenium.By$ByXPath.findElement(By.java:353)
	at org.openqa.selenium.remote.RemoteWebDriver.findElement(RemoteWebDriver.java:315)
	at framework.WebCommands.enterField(WebCommands.java:404)
	at page_objects.homepagePage.fillForm(homepagePage.java:34)
	at step_definitions.homepageSteps.fillName(homepageSteps.java:33)
	at âœ½.* I type 'Johnny' in first name field(popUpAlertIsDisplayedWithMessage.feature:10)
</stack-trace>
            </failure>
            <steps/>
            <attachments/>
            <labels>
                <label name="host" value="Arian-Gorani"/>
                <label name="thread" value="8000@Arian-Gorani.main(1)"/>
            </labels>
        </test-case>
        <test-case start="1644868723946" stop="1644868723946" status="pending">
            <name>* I type 'Bravo' in last name field</name>
            <title>* I type 'Bravo' in last name field</title>
            <failure>
                <message>Test ignored (without reason)!</message>
                <stack-trace>There are no stack trace</stack-trace>
            </failure>
            <steps/>
            <attachments/>
            <labels>
                <label name="host" value="Arian-Gorani"/>
                <label name="thread" value="8000@Arian-Gorani.main(1)"/>
            </labels>
        </test-case>
        <test-case start="1644868723947" stop="1644868723947" status="pending">
            <name>* I type '10123' in Post Code field</name>
            <title>* I type '10123' in Post Code field</title>
            <failure>
                <message>Test ignored (without reason)!</message>
                <stack-trace>There are no stack trace</stack-trace>
            </failure>
            <steps/>
            <attachments/>
            <labels>
                <label name="host" value="Arian-Gorani"/>
                <label name="thread" value="8000@Arian-Gorani.main(1)"/>
            </labels>
        </test-case>
        <test-case start="1644868723948" stop="1644868723948" status="pending">
            <name>* I click on Add Costumer button</name>
            <title>* I click on Add Costumer button</title>
            <failure>
                <message>Test ignored (without reason)!</message>
                <stack-trace>There are no stack trace</stack-trace>
            </failure>
            <steps/>
            <attachments/>
            <labels>
                <label name="host" value="Arian-Gorani"/>
                <label name="thread" value="8000@Arian-Gorani.main(1)"/>
            </labels>
        </test-case>
        <test-case start="1644868723949" stop="1644868723949" status="pending">
            <name>Then I verify pop up alert is displayed with message 'Customer added successfully with customer id :6'</name>
            <title>Then I verify pop up alert is displayed with message 'Customer added successfully with customer id :6'</title>
            <failure>
                <message>Test ignored (without reason)!</message>
                <stack-trace>There are no stack trace</stack-trace>
            </failure>
            <steps/>
            <attachments/>
            <labels>
                <label name="host" value="Arian-Gorani"/>
                <label name="thread" value="8000@Arian-Gorani.main(1)"/>
            </labels>
        </test-case>
    </test-cases>
    <labels>
        <label name="language" value="JAVA"/>
    </labels>
</ns2:test-suite>
